[5_2_2018_13:0:17] {SEVERE} BOTSESSION - org.telegram.telegrambots.exceptions.TelegramApiRequestException: Error getting updates: [409] Conflict: terminated by other long poll or webhook
	at org.telegram.telegrambots.api.methods.updates.GetUpdates.deserializeResponse(GetUpdates.java:119)
	at org.telegram.telegrambots.updatesreceivers.DefaultBotSession$ReaderThread.getUpdatesFromServer(DefaultBotSession.java:256)
	at org.telegram.telegrambots.updatesreceivers.DefaultBotSession$ReaderThread.run(DefaultBotSession.java:187)
[5_2_2018_13:0:18] {SEVERE} BOTSESSION - org.telegram.telegrambots.exceptions.TelegramApiRequestException: Error getting updates: [409] Conflict: terminated by other long poll or webhook
	at org.telegram.telegrambots.api.methods.updates.GetUpdates.deserializeResponse(GetUpdates.java:119)
	at org.telegram.telegrambots.updatesreceivers.DefaultBotSession$ReaderThread.getUpdatesFromServer(DefaultBotSession.java:256)
	at org.telegram.telegrambots.updatesreceivers.DefaultBotSession$ReaderThread.run(DefaultBotSession.java:187)
[5_2_2018_13:0:19] {SEVERE} BOTSESSION - org.telegram.telegrambots.exceptions.TelegramApiRequestException: Error getting updates: [409] Conflict: terminated by other long poll or webhook
	at org.telegram.telegrambots.api.methods.updates.GetUpdates.deserializeResponse(GetUpdates.java:119)
	at org.telegram.telegrambots.updatesreceivers.DefaultBotSession$ReaderThread.getUpdatesFromServer(DefaultBotSession.java:256)
	at org.telegram.telegrambots.updatesreceivers.DefaultBotSession$ReaderThread.run(DefaultBotSession.java:187)
[5_2_2018_13:0:20] {SEVERE} BOTSESSION - org.telegram.telegrambots.exceptions.TelegramApiRequestException: Error getting updates: [409] Conflict: terminated by other long poll or webhook
	at org.telegram.telegrambots.api.methods.updates.GetUpdates.deserializeResponse(GetUpdates.java:119)
	at org.telegram.telegrambots.updatesreceivers.DefaultBotSession$ReaderThread.getUpdatesFromServer(DefaultBotSession.java:256)
	at org.telegram.telegrambots.updatesreceivers.DefaultBotSession$ReaderThread.run(DefaultBotSession.java:187)
[5_2_2018_13:0:22] {SEVERE} BOTSESSION - org.telegram.telegrambots.exceptions.TelegramApiRequestException: Error getting updates: [409] Conflict: terminated by other long poll or webhook
	at org.telegram.telegrambots.api.methods.updates.GetUpdates.deserializeResponse(GetUpdates.java:119)
	at org.telegram.telegrambots.updatesreceivers.DefaultBotSession$ReaderThread.getUpdatesFromServer(DefaultBotSession.java:256)
	at org.telegram.telegrambots.updatesreceivers.DefaultBotSession$ReaderThread.run(DefaultBotSession.java:187)
[5_2_2018_13:0:23] {SEVERE} BOTSESSION - org.telegram.telegrambots.exceptions.TelegramApiRequestException: Error getting updates: [409] Conflict: terminated by other long poll or webhook
	at org.telegram.telegrambots.api.methods.updates.GetUpdates.deserializeResponse(GetUpdates.java:119)
	at org.telegram.telegrambots.updatesreceivers.DefaultBotSession$ReaderThread.getUpdatesFromServer(DefaultBotSession.java:256)
	at org.telegram.telegrambots.updatesreceivers.DefaultBotSession$ReaderThread.run(DefaultBotSession.java:187)
[5_2_2018_13:0:24] {SEVERE} BOTSESSION - org.telegram.telegrambots.exceptions.TelegramApiRequestException: Error getting updates: [409] Conflict: terminated by other long poll or webhook
	at org.telegram.telegrambots.api.methods.updates.GetUpdates.deserializeResponse(GetUpdates.java:119)
	at org.telegram.telegrambots.updatesreceivers.DefaultBotSession$ReaderThread.getUpdatesFromServer(DefaultBotSession.java:256)
	at org.telegram.telegrambots.updatesreceivers.DefaultBotSession$ReaderThread.run(DefaultBotSession.java:187)
[5_2_2018_13:0:25] {SEVERE} BOTSESSION - org.telegram.telegrambots.exceptions.TelegramApiRequestException: Error getting updates: [409] Conflict: terminated by other long poll or webhook
	at org.telegram.telegrambots.api.methods.updates.GetUpdates.deserializeResponse(GetUpdates.java:119)
	at org.telegram.telegrambots.updatesreceivers.DefaultBotSession$ReaderThread.getUpdatesFromServer(DefaultBotSession.java:256)
	at org.telegram.telegrambots.updatesreceivers.DefaultBotSession$ReaderThread.run(DefaultBotSession.java:187)
[5_2_2018_13:0:26] {SEVERE} BOTSESSION - org.telegram.telegrambots.exceptions.TelegramApiRequestException: Error getting updates: [409] Conflict: terminated by other long poll or webhook
	at org.telegram.telegrambots.api.methods.updates.GetUpdates.deserializeResponse(GetUpdates.java:119)
	at org.telegram.telegrambots.updatesreceivers.DefaultBotSession$ReaderThread.getUpdatesFromServer(DefaultBotSession.java:256)
	at org.telegram.telegrambots.updatesreceivers.DefaultBotSession$ReaderThread.run(DefaultBotSession.java:187)
[5_2_2018_13:0:28] {SEVERE} BOTSESSION - org.telegram.telegrambots.exceptions.TelegramApiRequestException: Error getting updates: [409] Conflict: terminated by other long poll or webhook
	at org.telegram.telegrambots.api.methods.updates.GetUpdates.deserializeResponse(GetUpdates.java:119)
	at org.telegram.telegrambots.updatesreceivers.DefaultBotSession$ReaderThread.getUpdatesFromServer(DefaultBotSession.java:256)
	at org.telegram.telegrambots.updatesreceivers.DefaultBotSession$ReaderThread.run(DefaultBotSession.java:187)
[5_2_2018_13:0:29] {SEVERE} BOTSESSION - org.telegram.telegrambots.exceptions.TelegramApiRequestException: Error getting updates: [409] Conflict: terminated by other long poll or webhook
	at org.telegram.telegrambots.api.methods.updates.GetUpdates.deserializeResponse(GetUpdates.java:119)
	at org.telegram.telegrambots.updatesreceivers.DefaultBotSession$ReaderThread.getUpdatesFromServer(DefaultBotSession.java:256)
	at org.telegram.telegrambots.updatesreceivers.DefaultBotSession$ReaderThread.run(DefaultBotSession.java:187)
[5_2_2018_13:0:30] {SEVERE} BOTSESSION - org.telegram.telegrambots.exceptions.TelegramApiRequestException: Error getting updates: [409] Conflict: terminated by other long poll or webhook
	at org.telegram.telegrambots.api.methods.updates.GetUpdates.deserializeResponse(GetUpdates.java:119)
	at org.telegram.telegrambots.updatesreceivers.DefaultBotSession$ReaderThread.getUpdatesFromServer(DefaultBotSession.java:256)
	at org.telegram.telegrambots.updatesreceivers.DefaultBotSession$ReaderThread.run(DefaultBotSession.java:187)
[5_2_2018_13:0:31] {SEVERE} BOTSESSION - org.telegram.telegrambots.exceptions.TelegramApiRequestException: Error getting updates: [409] Conflict: terminated by other long poll or webhook
	at org.telegram.telegrambots.api.methods.updates.GetUpdates.deserializeResponse(GetUpdates.java:119)
	at org.telegram.telegrambots.updatesreceivers.DefaultBotSession$ReaderThread.getUpdatesFromServer(DefaultBotSession.java:256)
	at org.telegram.telegrambots.updatesreceivers.DefaultBotSession$ReaderThread.run(DefaultBotSession.java:187)
[5_2_2018_13:0:32] {SEVERE} BOTSESSION - org.telegram.telegrambots.exceptions.TelegramApiRequestException: Error getting updates: [409] Conflict: terminated by other long poll or webhook
	at org.telegram.telegrambots.api.methods.updates.GetUpdates.deserializeResponse(GetUpdates.java:119)
	at org.telegram.telegrambots.updatesreceivers.DefaultBotSession$ReaderThread.getUpdatesFromServer(DefaultBotSession.java:256)
	at org.telegram.telegrambots.updatesreceivers.DefaultBotSession$ReaderThread.run(DefaultBotSession.java:187)
[22_3_2018_22:53:38] {SEVERE} BOTSESSION - org.telegram.telegrambots.exceptions.TelegramApiRequestException: Error getting updates: [409] Conflict: terminated by other getUpdates request; make sure that only one bot instance is running
	at org.telegram.telegrambots.api.methods.updates.GetUpdates.deserializeResponse(GetUpdates.java:119)
	at org.telegram.telegrambots.updatesreceivers.DefaultBotSession$ReaderThread.getUpdatesFromServer(DefaultBotSession.java:256)
	at org.telegram.telegrambots.updatesreceivers.DefaultBotSession$ReaderThread.run(DefaultBotSession.java:187)
[3_4_2018_22:48:3] {SEVERE} BOTSESSION - org.telegram.telegrambots.exceptions.TelegramApiRequestException: Error getting updates: [409] Conflict: terminated by other getUpdates request; make sure that only one bot instance is running
	at org.telegram.telegrambots.api.methods.updates.GetUpdates.deserializeResponse(GetUpdates.java:119)
	at org.telegram.telegrambots.updatesreceivers.DefaultBotSession$ReaderThread.getUpdatesFromServer(DefaultBotSession.java:256)
	at org.telegram.telegrambots.updatesreceivers.DefaultBotSession$ReaderThread.run(DefaultBotSession.java:187)
[3_4_2018_22:48:7] {SEVERE} BOTSESSION - org.telegram.telegrambots.exceptions.TelegramApiRequestException: Error getting updates: [409] Conflict: terminated by other getUpdates request; make sure that only one bot instance is running
	at org.telegram.telegrambots.api.methods.updates.GetUpdates.deserializeResponse(GetUpdates.java:119)
	at org.telegram.telegrambots.updatesreceivers.DefaultBotSession$ReaderThread.getUpdatesFromServer(DefaultBotSession.java:256)
	at org.telegram.telegrambots.updatesreceivers.DefaultBotSession$ReaderThread.run(DefaultBotSession.java:187)
[3_4_2018_22:48:11] {SEVERE} BOTSESSION - org.telegram.telegrambots.exceptions.TelegramApiRequestException: Error getting updates: [409] Conflict: terminated by other getUpdates request; make sure that only one bot instance is running
	at org.telegram.telegrambots.api.methods.updates.GetUpdates.deserializeResponse(GetUpdates.java:119)
	at org.telegram.telegrambots.updatesreceivers.DefaultBotSession$ReaderThread.getUpdatesFromServer(DefaultBotSession.java:256)
	at org.telegram.telegrambots.updatesreceivers.DefaultBotSession$ReaderThread.run(DefaultBotSession.java:187)
[3_4_2018_22:48:15] {SEVERE} BOTSESSION - org.telegram.telegrambots.exceptions.TelegramApiRequestException: Error getting updates: [409] Conflict: terminated by other getUpdates request; make sure that only one bot instance is running
	at org.telegram.telegrambots.api.methods.updates.GetUpdates.deserializeResponse(GetUpdates.java:119)
	at org.telegram.telegrambots.updatesreceivers.DefaultBotSession$ReaderThread.getUpdatesFromServer(DefaultBotSession.java:256)
	at org.telegram.telegrambots.updatesreceivers.DefaultBotSession$ReaderThread.run(DefaultBotSession.java:187)
[3_4_2018_22:48:19] {SEVERE} BOTSESSION - org.telegram.telegrambots.exceptions.TelegramApiRequestException: Error getting updates: [409] Conflict: terminated by other getUpdates request; make sure that only one bot instance is running
	at org.telegram.telegrambots.api.methods.updates.GetUpdates.deserializeResponse(GetUpdates.java:119)
	at org.telegram.telegrambots.updatesreceivers.DefaultBotSession$ReaderThread.getUpdatesFromServer(DefaultBotSession.java:256)
	at org.telegram.telegrambots.updatesreceivers.DefaultBotSession$ReaderThread.run(DefaultBotSession.java:187)
[3_4_2018_22:48:23] {SEVERE} BOTSESSION - org.telegram.telegrambots.exceptions.TelegramApiRequestException: Error getting updates: [409] Conflict: terminated by other getUpdates request; make sure that only one bot instance is running
	at org.telegram.telegrambots.api.methods.updates.GetUpdates.deserializeResponse(GetUpdates.java:119)
	at org.telegram.telegrambots.updatesreceivers.DefaultBotSession$ReaderThread.getUpdatesFromServer(DefaultBotSession.java:256)
	at org.telegram.telegrambots.updatesreceivers.DefaultBotSession$ReaderThread.run(DefaultBotSession.java:187)
[3_4_2018_22:48:27] {SEVERE} BOTSESSION - org.telegram.telegrambots.exceptions.TelegramApiRequestException: Error getting updates: [409] Conflict: terminated by other getUpdates request; make sure that only one bot instance is running
	at org.telegram.telegrambots.api.methods.updates.GetUpdates.deserializeResponse(GetUpdates.java:119)
	at org.telegram.telegrambots.updatesreceivers.DefaultBotSession$ReaderThread.getUpdatesFromServer(DefaultBotSession.java:256)
	at org.telegram.telegrambots.updatesreceivers.DefaultBotSession$ReaderThread.run(DefaultBotSession.java:187)
[3_4_2018_22:48:32] {SEVERE} BOTSESSION - org.telegram.telegrambots.exceptions.TelegramApiRequestException: Error getting updates: [409] Conflict: terminated by other getUpdates request; make sure that only one bot instance is running
	at org.telegram.telegrambots.api.methods.updates.GetUpdates.deserializeResponse(GetUpdates.java:119)
	at org.telegram.telegrambots.updatesreceivers.DefaultBotSession$ReaderThread.getUpdatesFromServer(DefaultBotSession.java:256)
	at org.telegram.telegrambots.updatesreceivers.DefaultBotSession$ReaderThread.run(DefaultBotSession.java:187)
