[3_2_2018_17:20:24] {SEVERE} Librarian DB:  - duplicate found!
[3_2_2018_17:20:24] {SEVERE} BOTSESSION - java.lang.ClassCastException: classes.User.User cannot be cast to classes.User.Librarian
	at database.LibrarianDB.getLibrarian(LibrarianDB.java:26)
	at updater.MainBot.onUpdateReceived(MainBot.java:24)
	at java.util.ArrayList.forEach(ArrayList.java:1257)
	at org.telegram.telegrambots.generics.LongPollingBot.onUpdatesReceived(LongPollingBot.java:27)
	at org.telegram.telegrambots.updatesreceivers.DefaultBotSession$HandlerThread.run(DefaultBotSession.java:306)
[3_2_2018_17:34:49] {SEVERE} Librarian DB:  - duplicate found!
[3_2_2018_17:34:53] {SEVERE} Librarian DB:  - duplicate found!
[3_2_2018_17:34:55] {SEVERE} Librarian DB:  - duplicate found!
[3_2_2018_17:35:4] {SEVERE} Librarian DB:  - duplicate found!
[4_2_2018_14:3:8] {SEVERE} MainBot:  - java.lang.NullPointerException
	at database.PatronDB.getPatron(PatronDB.java:33)
	at updater.GUISystem.personalData(GUISystem.java:68)
	at updater.MainBot.handleUpdate(MainBot.java:58)
	at updater.MainBot.onUpdateReceived(MainBot.java:21)
	at java.util.ArrayList.forEach(ArrayList.java:1257)
	at org.telegram.telegrambots.generics.LongPollingBot.onUpdatesReceived(LongPollingBot.java:27)
	at org.telegram.telegrambots.updatesreceivers.DefaultBotSession$HandlerThread.run(DefaultBotSession.java:306)
[4_2_2018_14:4:59] {SEVERE} MainBot:  - org.telegram.telegrambots.exceptions.TelegramApiValidationException: Text parameter can't be empty in method: SendMessage{chatId='3656229', text='null', parseMode='null', disableWebPagePreview=null, replyToMessageId=null, replyMarkup=null}
	at org.telegram.telegrambots.api.methods.send.SendMessage.validate(SendMessage.java:183)
	at org.telegram.telegrambots.bots.DefaultAbsSender.sendMethodRequest(DefaultAbsSender.java:711)
	at org.telegram.telegrambots.bots.DefaultAbsSender.sendApiMethod(DefaultAbsSender.java:671)
	at org.telegram.telegrambots.bots.AbsSender.execute(AbsSender.java:53)
	at updater.MainBot.handleUpdate(MainBot.java:63)
	at updater.MainBot.onUpdateReceived(MainBot.java:21)
	at java.util.ArrayList.forEach(ArrayList.java:1257)
	at org.telegram.telegrambots.generics.LongPollingBot.onUpdatesReceived(LongPollingBot.java:27)
	at org.telegram.telegrambots.updatesreceivers.DefaultBotSession$HandlerThread.run(DefaultBotSession.java:306)
[4_2_2018_14:7:51] {SEVERE} MainBot:  - org.telegram.telegrambots.exceptions.TelegramApiValidationException: ChatId parameter can't be empty in method: SendMessage{chatId='null', text='null', parseMode='null', disableWebPagePreview=null, replyToMessageId=null, replyMarkup=null}
	at org.telegram.telegrambots.api.methods.send.SendMessage.validate(SendMessage.java:180)
	at org.telegram.telegrambots.bots.DefaultAbsSender.sendMethodRequest(DefaultAbsSender.java:711)
	at org.telegram.telegrambots.bots.DefaultAbsSender.sendApiMethod(DefaultAbsSender.java:671)
	at org.telegram.telegrambots.bots.AbsSender.execute(AbsSender.java:53)
	at updater.MainBot.handleUpdate(MainBot.java:63)
	at updater.MainBot.onUpdateReceived(MainBot.java:21)
	at java.util.ArrayList.forEach(ArrayList.java:1257)
	at org.telegram.telegrambots.generics.LongPollingBot.onUpdatesReceived(LongPollingBot.java:27)
	at org.telegram.telegrambots.updatesreceivers.DefaultBotSession$HandlerThread.run(DefaultBotSession.java:306)
[4_2_2018_14:10:30] {SEVERE} MainBot:  - org.telegram.telegrambots.exceptions.TelegramApiValidationException: Text parameter can't be empty in method: SendMessage{chatId='3656229', text='null', parseMode='null', disableWebPagePreview=null, replyToMessageId=null, replyMarkup=ReplyKeyboardMarkup{keyboard=[[KeyboardButton{text=View Documents, requestContact=null, requestLocation=null}], [KeyboardButton{text=Personal Information, requestContact=null, requestLocation=null}], [KeyboardButton{text=Login as Librarian, requestContact=null, requestLocation=null}]], resizeKeyboard=true, oneTimeKeyboard=null, selective=null}}
	at org.telegram.telegrambots.api.methods.send.SendMessage.validate(SendMessage.java:183)
	at org.telegram.telegrambots.bots.DefaultAbsSender.sendMethodRequest(DefaultAbsSender.java:711)
	at org.telegram.telegrambots.bots.DefaultAbsSender.sendApiMethod(DefaultAbsSender.java:671)
	at org.telegram.telegrambots.bots.AbsSender.execute(AbsSender.java:53)
	at updater.MainBot.handleUpdate(MainBot.java:48)
	at updater.MainBot.onUpdateReceived(MainBot.java:21)
	at java.util.ArrayList.forEach(ArrayList.java:1257)
	at org.telegram.telegrambots.generics.LongPollingBot.onUpdatesReceived(LongPollingBot.java:27)
	at org.telegram.telegrambots.updatesreceivers.DefaultBotSession$HandlerThread.run(DefaultBotSession.java:306)
[4_2_2018_14:10:31] {SEVERE} MainBot:  - org.telegram.telegrambots.exceptions.TelegramApiValidationException: Text parameter can't be empty in method: SendMessage{chatId='3656229', text='null', parseMode='null', disableWebPagePreview=null, replyToMessageId=null, replyMarkup=ReplyKeyboardMarkup{keyboard=[[KeyboardButton{text=View Documents, requestContact=null, requestLocation=null}], [KeyboardButton{text=Personal Information, requestContact=null, requestLocation=null}], [KeyboardButton{text=Login as Librarian, requestContact=null, requestLocation=null}]], resizeKeyboard=true, oneTimeKeyboard=null, selective=null}}
	at org.telegram.telegrambots.api.methods.send.SendMessage.validate(SendMessage.java:183)
	at org.telegram.telegrambots.bots.DefaultAbsSender.sendMethodRequest(DefaultAbsSender.java:711)
	at org.telegram.telegrambots.bots.DefaultAbsSender.sendApiMethod(DefaultAbsSender.java:671)
	at org.telegram.telegrambots.bots.AbsSender.execute(AbsSender.java:53)
	at updater.MainBot.handleUpdate(MainBot.java:48)
	at updater.MainBot.onUpdateReceived(MainBot.java:21)
	at java.util.ArrayList.forEach(ArrayList.java:1257)
	at org.telegram.telegrambots.generics.LongPollingBot.onUpdatesReceived(LongPollingBot.java:27)
	at org.telegram.telegrambots.updatesreceivers.DefaultBotSession$HandlerThread.run(DefaultBotSession.java:306)
[4_2_2018_14:11:11] {SEVERE} MainBot:  - org.telegram.telegrambots.exceptions.TelegramApiValidationException: Text parameter can't be empty in method: SendMessage{chatId='3656229', text='null', parseMode='null', disableWebPagePreview=null, replyToMessageId=null, replyMarkup=ReplyKeyboardMarkup{keyboard=[[KeyboardButton{text=View Documents, requestContact=null, requestLocation=null}], [KeyboardButton{text=Personal Information, requestContact=null, requestLocation=null}], [KeyboardButton{text=Login as Librarian, requestContact=null, requestLocation=null}]], resizeKeyboard=true, oneTimeKeyboard=null, selective=null}}
	at org.telegram.telegrambots.api.methods.send.SendMessage.validate(SendMessage.java:183)
	at org.telegram.telegrambots.bots.DefaultAbsSender.sendMethodRequest(DefaultAbsSender.java:711)
	at org.telegram.telegrambots.bots.DefaultAbsSender.sendApiMethod(DefaultAbsSender.java:671)
	at org.telegram.telegrambots.bots.AbsSender.execute(AbsSender.java:53)
	at updater.MainBot.handleUpdate(MainBot.java:48)
	at updater.MainBot.onUpdateReceived(MainBot.java:21)
	at java.util.ArrayList.forEach(ArrayList.java:1257)
	at org.telegram.telegrambots.generics.LongPollingBot.onUpdatesReceived(LongPollingBot.java:27)
	at org.telegram.telegrambots.updatesreceivers.DefaultBotSession$HandlerThread.run(DefaultBotSession.java:306)
[4_2_2018_14:11:49] {SEVERE} MainBot:  - org.telegram.telegrambots.exceptions.TelegramApiValidationException: Text parameter can't be empty in method: SendMessage{chatId='3656229', text='', parseMode='null', disableWebPagePreview=null, replyToMessageId=null, replyMarkup=ReplyKeyboardMarkup{keyboard=[[KeyboardButton{text=View Documents, requestContact=null, requestLocation=null}], [KeyboardButton{text=Personal Information, requestContact=null, requestLocation=null}], [KeyboardButton{text=Login as Librarian, requestContact=null, requestLocation=null}]], resizeKeyboard=true, oneTimeKeyboard=null, selective=null}}
	at org.telegram.telegrambots.api.methods.send.SendMessage.validate(SendMessage.java:183)
	at org.telegram.telegrambots.bots.DefaultAbsSender.sendMethodRequest(DefaultAbsSender.java:711)
	at org.telegram.telegrambots.bots.DefaultAbsSender.sendApiMethod(DefaultAbsSender.java:671)
	at org.telegram.telegrambots.bots.AbsSender.execute(AbsSender.java:53)
	at updater.MainBot.handleUpdate(MainBot.java:48)
	at updater.MainBot.onUpdateReceived(MainBot.java:21)
	at java.util.ArrayList.forEach(ArrayList.java:1257)
	at org.telegram.telegrambots.generics.LongPollingBot.onUpdatesReceived(LongPollingBot.java:27)
	at org.telegram.telegrambots.updatesreceivers.DefaultBotSession$HandlerThread.run(DefaultBotSession.java:306)
[4_2_2018_14:11:54] {SEVERE} MainBot:  - org.telegram.telegrambots.exceptions.TelegramApiValidationException: Text parameter can't be empty in method: SendMessage{chatId='3656229', text='', parseMode='null', disableWebPagePreview=null, replyToMessageId=null, replyMarkup=ReplyKeyboardMarkup{keyboard=[[KeyboardButton{text=View Documents, requestContact=null, requestLocation=null}], [KeyboardButton{text=Personal Information, requestContact=null, requestLocation=null}], [KeyboardButton{text=Login as Librarian, requestContact=null, requestLocation=null}]], resizeKeyboard=true, oneTimeKeyboard=null, selective=null}}
	at org.telegram.telegrambots.api.methods.send.SendMessage.validate(SendMessage.java:183)
	at org.telegram.telegrambots.bots.DefaultAbsSender.sendMethodRequest(DefaultAbsSender.java:711)
	at org.telegram.telegrambots.bots.DefaultAbsSender.sendApiMethod(DefaultAbsSender.java:671)
	at org.telegram.telegrambots.bots.AbsSender.execute(AbsSender.java:53)
	at updater.MainBot.handleUpdate(MainBot.java:48)
	at updater.MainBot.onUpdateReceived(MainBot.java:21)
	at java.util.ArrayList.forEach(ArrayList.java:1257)
	at org.telegram.telegrambots.generics.LongPollingBot.onUpdatesReceived(LongPollingBot.java:27)
	at org.telegram.telegrambots.updatesreceivers.DefaultBotSession$HandlerThread.run(DefaultBotSession.java:306)
